make all --print-data-base --no-builtin-variables --no-builtin-rules --question
make: *** No rule to make target 'all'.  Stop.

# GNU Make 4.3
# Built for x86_64-pc-linux-gnu
# Copyright (C) 1988-2020 Free Software Foundation, Inc.
# License GPLv3+: GNU GPL version 3 or later <http://gnu.org/licenses/gpl.html>
# This is free software: you are free to change and redistribute it.
# There is NO WARRANTY, to the extent permitted by law.

# Make data base, printed on Fri Apr 15 18:12:44 2022

# Variables

# makefile (from 'Makefile', line 25)
OBJ = $(patsubst %, $(ODIR)/%, $(_OBJ))
# environment
GDK_BACKEND = x11
# environment
LC_ALL = C
# environment
NO_AT_BRIDGE = 1
# environment
I3SOCK = /run/user/1000/i3/ipc-socket.2589
# environment
VSCODE_IPC_HOOK_EXTHOST = /run/user/1000/vscode-ipc-13f12903-c692-4235-8c3b-b95809a30e61.sock
# environment
VSCODE_CWD = /home/thefunny
# makefile (from 'Makefile', line 31)
LIBS = `pkg-config --libs raylib` -lGL -lm -lpthread -ldl -lrt -lX11
# default
MAKE_COMMAND := make
# automatic
@D = $(patsubst %/,%,$(dir $@))
# environment
VSCODE_HANDLES_UNCAUGHT_ERRORS = true
# default
.VARIABLES := 
# environment
PWD = /home/thefunny/8ball-engine
# automatic
%D = $(patsubst %/,%,$(dir $%))
# environment
MAIL = /var/spool/mail/thefunny
# automatic
^D = $(patsubst %/,%,$(dir $^))
# environment
VSCODE_LOG_STACK = false
# automatic
%F = $(notdir $%)
# environment
VSCODE_CODE_CACHE_PATH = /home/thefunny/.config/Code/CachedData/8dfae7a5cd50421d10cd99cb873990460525a898
# makefile (from 'Makefile', line 14)
OUT_EXT = out
# environment
XDG_SESSION_PATH = /org/freedesktop/DisplayManager/Session0
# makefile (from 'Makefile', line 20)
_DEPS = main.cpp Entity.cpp components/TransformComponent2D.cpp ObjectManager.cpp GameManager.cpp
# environment
LANG = C
# environment
XAUTHORITY = /home/thefunny/.Xauthority
# default
.LOADED := 
# default
.INCLUDE_DIRS = /usr/include /usr/local/include /usr/include
# makefile
MAKEFLAGS = pqrR
# makefile (from 'Makefile', line 17)
ERRFLAGS = -Wall -Wunused-variable -Wextra -Wno-enum-compare -fpermissive
# makefile
CURDIR := /home/thefunny/8ball-engine
# environment
VSCODE_PIPE_LOGGING = true
# environment
APPLICATION_INSIGHTS_NO_DIAGNOSTIC_CHANNEL = 1
# automatic
*D = $(patsubst %/,%,$(dir $*))
# environment
MFLAGS = -pqrR
# default
.SHELLFLAGS := -c
# automatic
+D = $(patsubst %/,%,$(dir $+))
# makefile (from 'Makefile', line 3)
ODIR = obj
# environment
XDG_SESSION_DESKTOP = i3
# makefile (from 'Makefile', line 1)
MAKEFILE_LIST := Makefile
# automatic
@F = $(notdir $@)
# environment
VSCODE_VERBOSE_LOGGING = true
# environment
VSCODE_PID = 21773
# environment
XDG_SESSION_TYPE = x11
# automatic
?D = $(patsubst %/,%,$(dir $?))
# automatic
*F = $(notdir $*)
# environment
CHROME_DESKTOP = code-url-handler.desktop
# environment
DBUS_SESSION_BUS_ADDRESS = unix:abstract=/tmp/dbus-CDatOntTSZ,guid=b17937969b49bc9073c0926b62598347
# automatic
<D = $(patsubst %/,%,$(dir $<))
# environment
VSCODE_NLS_CONFIG = {"locale":"en-us","availableLanguages":{},"_languagePackSupport":true}
# makefile (from 'Makefile', line 2)
IDIR = src
# default
MAKE_HOST := x86_64-pc-linux-gnu
# makefile
SHELL = /bin/sh
# default
MAKECMDGOALS := all
# environment
SHLVL = 1
# environment
MAKELEVEL := 0
# default
MAKE = $(MAKE_COMMAND)
# environment
PATH = /usr/local/bin:/usr/bin:/bin:/usr/local/sbin:/usr/bin/site_perl:/usr/bin/vendor_perl:/usr/bin/core_perl
# default
MAKEFILES := 
# environment
MOTD_SHOWN = pam
# automatic
^F = $(notdir $^)
# environment
VSCODE_LOG_NATIVE = false
# automatic
?F = $(notdir $?)
# environment
XDG_SEAT = seat0
# environment
XDG_CURRENT_DESKTOP = i3
# automatic
+F = $(notdir $+)
# environment
XDG_SEAT_PATH = /org/freedesktop/DisplayManager/Seat0
# environment
DESKTOP_SESSION = i3
# environment
ORIGINAL_XDG_CURRENT_DESKTOP = i3
# 'override' directive
GNUMAKEFLAGS := 
# environment
LOGNAME = thefunny
# environment
XDG_VTNR = 7
# makefile
.DEFAULT_GOAL := main
# environment
DISPLAY = :0
# environment
USER = thefunny
# default
MAKE_VERSION := 4.3
# environment
_ = /usr/bin/make
# environment
XDG_RUNTIME_DIR = /run/user/1000
# environment
XDG_SESSION_CLASS = user
# environment
VSCODE_AMD_ENTRYPOINT = vs/workbench/api/node/extensionHostProcess
# environment
HOME = /home/thefunny
# environment
ELECTRON_RUN_AS_NODE = 1
# environment
VSCODE_IPC_HOOK = /run/user/1000/vscode-e72c90c6-1.66.1-main.sock
# environment
XDG_SESSION_ID = 1
# default
.RECIPEPREFIX := 
# automatic
<F = $(notdir $<)
# makefile (from 'Makefile', line 21)
DEPS = $(patsubst %, $(IDIR)/%, $(_DEPS))
# default
SUFFIXES := 
# environment
VSCODE_CLI = 1
# environment
ELECTRON_NO_ATTACH_CONSOLE = 1
# makefile (from 'Makefile', line 24)
_OBJ = main.o Entity.o components/TransformComponent2D.o ObjectManager.o GameManager.o
# makefile (from 'Makefile', line 13)
CXXFLAGS = -I$(IDIR) `pkg-config --cflags raylib`
# environment
XDG_GREETER_DATA_DIR = /var/lib/lightdm-data/thefunny
# default
.FEATURES := target-specific order-only second-expansion else-if shortest-stem undefine oneshell nocomment grouped-target extra-prereqs archives jobserver output-sync check-symlink guile load
# makefile (from 'Makefile', line 6)
CXX = g++
# environment
GDMSESSION = i3
# variable set hash-table stats:
# Load=94/1024=9%, Rehash=0, Collisions=5/133=4%

# Pattern-specific Variable Values

# No pattern-specific variable values.

# Directories

# src (device 66310, inode 1061902): No files, no impossibilities so far.
# . (device 66310, inode 1061900): 13 files, no impossibilities.

# 13 files, no impossibilities in 2 directories.

# Implicit Rules

obj/%.o: src/%.cpp src/main.cpp src/Entity.cpp src/components/TransformComponent2D.cpp src/ObjectManager.cpp src/GameManager.cpp
#  recipe to execute (from 'Makefile', line 36):
	$(CXX) -g -ggdb -fdiagnostics-color=always -c -o $@ $< $(CXXFLAGS) $(ERRFLAGS)

# 1 implicit rules, 0 (0.0%) terminal.
# Files

# Not a target:
obj/GameManager.o:
#  Implicit rule search has not been done.
#  Modification time never checked.
#  File has not been updated.

# Not a target:
obj/main.o:
#  Implicit rule search has not been done.
#  Modification time never checked.
#  File has not been updated.

# Not a target:
obj/components/TransformComponent2D.o:
#  Implicit rule search has not been done.
#  Modification time never checked.
#  File has not been updated.

# Not a target:
obj/ObjectManager.o:
#  Implicit rule search has not been done.
#  Modification time never checked.
#  File has not been updated.

# Not a target:
Makefile:
#  Implicit rule search has been done.
#  Last modified 2022-04-13 19:56:49.230090222
#  File has been updated.
#  Successfully updated.

# Not a target:
.DEFAULT:
#  Implicit rule search has not been done.
#  Modification time never checked.
#  File has not been updated.

# Not a target:
all:
#  Command line target.
#  Implicit rule search has been done.
#  File does not exist.
#  File has not been updated.

main: obj/main.o obj/Entity.o obj/components/TransformComponent2D.o obj/ObjectManager.o obj/GameManager.o
#  Implicit rule search has not been done.
#  Modification time never checked.
#  File has not been updated.
#  recipe to execute (from 'Makefile', line 40):
	$(CXX) -g -ggdb -fdiagnostics-color=always -o bin/$@.$(OUT_EXT) $^ $(CXXFLAGS) $(ERRFLAGS) $(LIBS)

# Not a target:
obj/Entity.o:
#  Implicit rule search has not been done.
#  Modification time never checked.
#  File has not been updated.

# files hash-table stats:
# Load=10/1024=1%, Rehash=0, Collisions=0/25=0%
# VPATH Search Paths

# No 'vpath' search paths.

# No general ('VPATH' variable) search path.

# strcache buffers: 1 (0) / strings = 31 / storage = 375 B / avg = 12 B
# current buf: size = 8162 B / used = 375 B / count = 31 / avg = 12 B

# strcache performance: lookups = 37 / hit rate = 16%
# hash-table stats:
 
# Load=31/8192=0%, Rehash=0, Collisions=0/37=0%
# Finished Make data base on Fri Apr 15 18:12:44 2022

 
